-------------------------------------------------------------------------------
Test set: com.springboot.couchbase.SpringbootandcouchbaseApplicationTests
-------------------------------------------------------------------------------
Tests run: 3, Failures: 0, Errors: 3, Skipped: 0, Time elapsed: 0.101 s <<< FAILURE! - in com.springboot.couchbase.SpringbootandcouchbaseApplicationTests
initializationError(com.springboot.couchbase.SpringbootandcouchbaseApplicationTests)  Time elapsed: 0.005 s  <<< ERROR!
java.lang.Exception: The class com.springboot.couchbase.SpringbootandcouchbaseApplicationTests is not public.

initializationError(com.springboot.couchbase.SpringbootandcouchbaseApplicationTests)  Time elapsed: 0 s  <<< ERROR!
java.lang.Exception: Test class should have exactly one public constructor

initializationError(com.springboot.couchbase.SpringbootandcouchbaseApplicationTests)  Time elapsed: 0 s  <<< ERROR!
java.lang.Exception: Method contextLoads() should be public

